[debug] [2021-12-17T07:28:26.041Z] ----------------------------------------------------------------------
[debug] [2021-12-17T07:28:26.043Z] Command:       C:\Program Files\nodejs\node.exe C:\Program Files\nodejs\node_modules\firebase-tools\lib\bin\firebase.js emulators:start
[debug] [2021-12-17T07:28:26.044Z] CLI Version:   10.0.0
[debug] [2021-12-17T07:28:26.044Z] Platform:      win32
[debug] [2021-12-17T07:28:26.044Z] Node Version:  v14.14.0
[debug] [2021-12-17T07:28:26.045Z] Time:          Fri Dec 17 2021 14:28:26 GMT+0700 (Indochina Time)
[debug] [2021-12-17T07:28:26.045Z] ----------------------------------------------------------------------
[debug] 
[debug] [2021-12-17T07:28:26.146Z] > command requires scopes: ["email","openid","https://www.googleapis.com/auth/cloudplatformprojects.readonly","https://www.googleapis.com/auth/firebase","https://www.googleapis.com/auth/cloud-platform"]
[debug] [2021-12-17T07:28:26.147Z] > authorizing via signed-in user (ngtrungthanh2010@gmail.com)
[info] i  emulators: Starting emulators: auth, firestore, hosting {"metadata":{"emulator":{"name":"hub"},"message":"Starting emulators: auth, firestore, hosting"}}
[debug] [2021-12-17T07:28:26.224Z] [hub] writing locator at C:\Users\User\AppData\Local\Temp\hub-rtest-bc78d.json
[debug] [2021-12-17T07:28:26.248Z] Ignoring unsupported arg: projectId {"metadata":{"emulator":{"name":"firestore"},"message":"Ignoring unsupported arg: projectId"}}
[debug] [2021-12-17T07:28:26.249Z] Ignoring unsupported arg: auto_download {"metadata":{"emulator":{"name":"firestore"},"message":"Ignoring unsupported arg: auto_download"}}
[debug] [2021-12-17T07:28:26.249Z] Starting Firestore Emulator with command {"binary":"java","args":["-Dgoogle.cloud_firestore.debug_log_level=FINE","-Duser.language=en","-jar","C:\\Users\\User\\.cache\\firebase\\emulators\\cloud-firestore-emulator-v1.13.1.jar","--host","localhost","--port",8080,"--rules","C:\\Users\\User\\Desktop\\react\\firestore.rules"],"optionalArgs":["port","webchannel_port","host","rules","functions_emulator","seed_from_export"],"joinArgs":false} {"metadata":{"emulator":{"name":"firestore"},"message":"Starting Firestore Emulator with command {\"binary\":\"java\",\"args\":[\"-Dgoogle.cloud_firestore.debug_log_level=FINE\",\"-Duser.language=en\",\"-jar\",\"C:\\\\Users\\\\User\\\\.cache\\\\firebase\\\\emulators\\\\cloud-firestore-emulator-v1.13.1.jar\",\"--host\",\"localhost\",\"--port\",8080,\"--rules\",\"C:\\\\Users\\\\User\\\\Desktop\\\\react\\\\firestore.rules\"],\"optionalArgs\":[\"port\",\"webchannel_port\",\"host\",\"rules\",\"functions_emulator\",\"seed_from_export\"],\"joinArgs\":false}"}}
[info] i  firestore: Firestore Emulator logging to firestore-debug.log {"metadata":{"emulator":{"name":"firestore"},"message":"Firestore Emulator logging to \u001b[1mfirestore-debug.log\u001b[22m"}}
[debug] [2021-12-17T07:28:30.490Z] > refreshing access token with scopes: []
[debug] [2021-12-17T07:28:30.491Z] >>> HTTP REQUEST POST https://www.googleapis.com/oauth2/v3/token  
 <request body omitted>
[debug] [2021-12-17T07:28:30.715Z] <<< HTTP RESPONSE 200 {"expires":"Mon, 01 Jan 1990 00:00:00 GMT","pragma":"no-cache","cache-control":"no-cache, no-store, max-age=0, must-revalidate","date":"Fri, 17 Dec 2021 07:28:30 GMT","content-type":"application/json; charset=utf-8","vary":"X-Origin, Referer, Origin,Accept-Encoding","server":"scaffolding on HTTPServer2","x-xss-protection":"0","x-frame-options":"SAMEORIGIN","x-content-type-options":"nosniff","alt-svc":"h3=\":443\"; ma=2592000,h3-29=\":443\"; ma=2592000,h3-Q050=\":443\"; ma=2592000,h3-Q046=\":443\"; ma=2592000,h3-Q043=\":443\"; ma=2592000,quic=\":443\"; ma=2592000; v=\"46,43\"","accept-ranges":"none","transfer-encoding":"chunked"}
[debug] [2021-12-17T07:28:30.738Z] >>> [apiv2][query] GET https://firebasehosting.googleapis.com/v1beta1/projects/rtest-bc78d/sites 
[debug] [2021-12-17T07:28:31.992Z] <<< [apiv2][status] GET https://firebasehosting.googleapis.com/v1beta1/projects/rtest-bc78d/sites 200
[debug] [2021-12-17T07:28:31.992Z] <<< [apiv2][body] GET https://firebasehosting.googleapis.com/v1beta1/projects/rtest-bc78d/sites {"sites":[{"name":"projects/651772601976/sites/rtest-bc78d","defaultUrl":"https://rtest-bc78d.web.app","appId":"1:651772601976:web:e7352a5a97ae83f4112f8d","type":"DEFAULT_SITE"}]}
[debug] [2021-12-17T07:28:31.992Z] >>> [apiv2][query] GET https://firebase.googleapis.com/v1beta1/projects/rtest-bc78d/webApps/1:651772601976:web:e7352a5a97ae83f4112f8d/config [none]
[debug] [2021-12-17T07:28:33.506Z] <<< [apiv2][status] GET https://firebase.googleapis.com/v1beta1/projects/rtest-bc78d/webApps/1:651772601976:web:e7352a5a97ae83f4112f8d/config 200
[debug] [2021-12-17T07:28:33.506Z] <<< [apiv2][body] GET https://firebase.googleapis.com/v1beta1/projects/rtest-bc78d/webApps/1:651772601976:web:e7352a5a97ae83f4112f8d/config {"projectId":"rtest-bc78d","appId":"1:651772601976:web:e7352a5a97ae83f4112f8d","storageBucket":"rtest-bc78d.appspot.com","locationId":"asia-southeast2","apiKey":"AIzaSyCbYfL94bhNQa8j_28Ldx55dvD_s2W4Mm8","authDomain":"rtest-bc78d.firebaseapp.com","messagingSenderId":"651772601976","measurementId":"G-9N5WSV53W5"}
[info] i  hosting: Serving hosting files from: build {"metadata":{"emulator":{"name":"hosting"},"message":"Serving hosting files from: \u001b[1mbuild\u001b[22m"}}
[info] +  hosting: Local server: http://localhost:5000 {"metadata":{"emulator":{"name":"hosting"},"message":"Local server: \u001b[4m\u001b[1mhttp://localhost:5000\u001b[22m\u001b[24m"}}
[debug] [2021-12-17T07:28:33.589Z] Ignoring unsupported arg: auto_download {"metadata":{"emulator":{"name":"ui"},"message":"Ignoring unsupported arg: auto_download"}}
[debug] [2021-12-17T07:28:33.589Z] Ignoring unsupported arg: port {"metadata":{"emulator":{"name":"ui"},"message":"Ignoring unsupported arg: port"}}
[debug] [2021-12-17T07:28:33.589Z] Starting Emulator UI with command {"binary":"node","args":["C:\\Users\\User\\.cache\\firebase\\emulators\\ui-v1.6.4\\server.bundle.js"],"optionalArgs":[],"joinArgs":false} {"metadata":{"emulator":{"name":"ui"},"message":"Starting Emulator UI with command {\"binary\":\"node\",\"args\":[\"C:\\\\Users\\\\User\\\\.cache\\\\firebase\\\\emulators\\\\ui-v1.6.4\\\\server.bundle.js\"],\"optionalArgs\":[],\"joinArgs\":false}"}}
[info] i  ui: Emulator UI logging to ui-debug.log {"metadata":{"emulator":{"name":"ui"},"message":"Emulator UI logging to \u001b[1mui-debug.log\u001b[22m"}}
[debug] [2021-12-17T07:28:33.787Z] Web / API server started at localhost:4000
 {"metadata":{"emulator":{"name":"ui"},"message":"Web / API server started at localhost:4000\n"}}
[info] 
┌─────────────────────────────────────────────────────────────┐
│ ✔  All emulators ready! It is now safe to connect your app. │
│ i  View Emulator UI at http://localhost:4000                │
└─────────────────────────────────────────────────────────────┘

┌────────────────┬────────────────┬─────────────────────────────────┐
│ Emulator       │ Host:Port      │ View in Emulator UI             │
├────────────────┼────────────────┼─────────────────────────────────┤
│ Authentication │ localhost:9099 │ http://localhost:4000/auth      │
├────────────────┼────────────────┼─────────────────────────────────┤
│ Firestore      │ localhost:8080 │ http://localhost:4000/firestore │
├────────────────┼────────────────┼─────────────────────────────────┤
│ Hosting        │ localhost:5000 │ n/a                             │
└────────────────┴────────────────┴─────────────────────────────────┘
  Emulator Hub running at localhost:4400
  Other reserved ports: 4500

Issues? Report them at https://github.com/firebase/firebase-tools/issues and attach the *-debug.log files.
 
